<?xml version="1.0" encoding="UTF-8"?>
<!-- Generated by org.testng.reporters.JUnitReportReporter -->
<testsuite skipped="0" hostname="LAPTOP-SLPQU167" name="API_Test.LibrayAPI" tests="3" failures="0" timestamp="08 Jul 2020 15:30:30 GMT" time="17.064" errors="0">
  <testcase name="add_book" time="0.700" classname="API_Test.LibrayAPI"/>
  <testcase name="add_book" time="0.544" classname="API_Test.LibrayAPI"/>
  <testcase name="add_book" time="15.820" classname="API_Test.LibrayAPI"/>
</testsuite> <!-- API_Test.LibrayAPI -->
